<?xml version="1.0" encoding="UTF-8"?>
<robot generator="Robot 7.1.1 (Python 3.10.15 on linux)" generated="2024-11-14T15:42:07.598941" rpa="false" schemaversion="5">
<suite id="s1" name="Tests" source="/home/madlehti/webcounter/webcounter/src/tests">
<suite id="s1-s1" name="Increment" source="/home/madlehti/webcounter/webcounter/src/tests/increment.robot">
<kw name="Open And Configure Browser" owner="resource" type="SETUP">
<if>
<branch type="IF" condition="$BROWSER == 'chrome'">
<kw name="Evaluate" owner="BuiltIn">
<msg time="2024-11-14T15:42:07.715779" level="INFO">${options} = &lt;selenium.webdriver.chrome.options.Options object at 0x7f8ffc30e950&gt;</msg>
<var>${options}</var>
<arg>sys.modules['selenium.webdriver'].ChromeOptions()</arg>
<arg>sys</arg>
<doc>Evaluates the given expression in Python and returns the result.</doc>
<status status="PASS" start="2024-11-14T15:42:07.715528" elapsed="0.000285"/>
</kw>
<status status="PASS" start="2024-11-14T15:42:07.712821" elapsed="0.003055"/>
</branch>
<branch type="ELSE IF" condition="$BROWSER == 'firefox'">
<kw name="Evaluate" owner="BuiltIn">
<var>${options}</var>
<arg>sys.modules['selenium.webdriver'].FirefoxOptions()</arg>
<arg>sys</arg>
<doc>Evaluates the given expression in Python and returns the result.</doc>
<status status="NOT RUN" start="2024-11-14T15:42:07.716009" elapsed="0.000025"/>
</kw>
<status status="NOT RUN" start="2024-11-14T15:42:07.715913" elapsed="0.000163"/>
</branch>
<status status="PASS" start="2024-11-14T15:42:07.712800" elapsed="0.003304"/>
</if>
<if>
<branch type="IF" condition="$HEADLESS == 'true'">
<kw name="Set Selenium Speed" owner="SeleniumLibrary">
<arg>0</arg>
<doc>Sets the delay that is waited after each Selenium command.</doc>
<status status="NOT RUN" start="2024-11-14T15:42:07.716298" elapsed="0.000024"/>
</kw>
<kw name="Call Method" owner="BuiltIn">
<arg>${options}</arg>
<arg>add_argument</arg>
<arg>--headless</arg>
<doc>Calls the named method of the given object with the provided arguments.</doc>
<status status="NOT RUN" start="2024-11-14T15:42:07.716405" elapsed="0.000021"/>
</kw>
<status status="NOT RUN" start="2024-11-14T15:42:07.716151" elapsed="0.000315"/>
</branch>
<branch type="ELSE">
<kw name="Set Selenium Speed" owner="SeleniumLibrary">
<arg>${DELAY}</arg>
<doc>Sets the delay that is waited after each Selenium command.</doc>
<status status="PASS" start="2024-11-14T15:42:07.716568" elapsed="0.000203"/>
</kw>
<status status="PASS" start="2024-11-14T15:42:07.716494" elapsed="0.000318"/>
</branch>
<status status="PASS" start="2024-11-14T15:42:07.716138" elapsed="0.000701"/>
</if>
<kw name="Open Browser" owner="SeleniumLibrary">
<msg time="2024-11-14T15:42:07.717144" level="INFO">Opening browser 'chrome' to base url 'None'.</msg>
<msg time="2024-11-14T15:42:07.744638" level="WARN">The chromedriver version (130.0.6723.91) detected in PATH at /usr/bin/chromedriver might not be compatible with the detected chrome version (131.0.6778.69); currently, chromedriver 131.0.6778.69 is recommended for chrome 131.*, so it is advised to delete the driver in PATH and retry</msg>
<arg>browser=${BROWSER}</arg>
<arg>options=${options}</arg>
<doc>Opens a new browser instance to the optional ``url``.</doc>
<status status="PASS" start="2024-11-14T15:42:07.716924" elapsed="0.272598"/>
</kw>
<status status="PASS" start="2024-11-14T15:42:07.712622" elapsed="0.277057"/>
</kw>
<test id="s1-s1-t1" name="At start the counter is zero" line="7">
<kw name="Go To" owner="SeleniumLibrary">
<msg time="2024-11-14T15:42:07.990414" level="INFO">Opening url 'http://localhost:5001'</msg>
<arg>${HOME_URL}</arg>
<doc>Navigates the current browser window to the provided ``url``.</doc>
<status status="PASS" start="2024-11-14T15:42:07.990225" elapsed="0.545386"/>
</kw>
<kw name="Title Should Be" owner="SeleniumLibrary">
<msg time="2024-11-14T15:42:09.048524" level="INFO">Page title is 'Laskuri'.</msg>
<arg>Laskuri</arg>
<doc>Verifies that the current page title equals ``title``.</doc>
<status status="PASS" start="2024-11-14T15:42:08.536330" elapsed="0.512501"/>
</kw>
<kw name="Page Should Contain" owner="SeleniumLibrary">
<msg time="2024-11-14T15:42:10.076964" level="INFO">Current page contains text 'nappia painettu 0 kertaa'.</msg>
<arg>nappia painettu 0 kertaa</arg>
<doc>Verifies that current page contains ``text``.</doc>
<status status="PASS" start="2024-11-14T15:42:09.049472" elapsed="1.027780"/>
</kw>
<status status="PASS" start="2024-11-14T15:42:07.989784" elapsed="2.087990"/>
</test>
<test id="s1-s1-t2" name="When button pressed twice the counter is two" line="12">
<kw name="Go To" owner="SeleniumLibrary">
<msg time="2024-11-14T15:42:10.079506" level="INFO">Opening url 'http://localhost:5001'</msg>
<arg>${HOME_URL}</arg>
<doc>Navigates the current browser window to the provided ``url``.</doc>
<status status="PASS" start="2024-11-14T15:42:10.079099" elapsed="0.521632"/>
</kw>
<kw name="Click Button" owner="SeleniumLibrary">
<msg time="2024-11-14T15:42:10.602158" level="INFO">Clicking button 'Paina'.</msg>
<arg>Paina</arg>
<doc>Clicks the button identified by ``locator``.</doc>
<status status="PASS" start="2024-11-14T15:42:10.601400" elapsed="1.589824"/>
</kw>
<kw name="Click Button" owner="SeleniumLibrary">
<msg time="2024-11-14T15:42:12.192485" level="INFO">Clicking button 'Paina'.</msg>
<arg>Paina</arg>
<doc>Clicks the button identified by ``locator``.</doc>
<status status="PASS" start="2024-11-14T15:42:12.191962" elapsed="1.583851"/>
</kw>
<kw name="Page Should Contain" owner="SeleniumLibrary">
<msg time="2024-11-14T15:42:14.802473" level="INFO">Current page contains text 'nappia painettu 2 kertaa'.</msg>
<arg>nappia painettu 2 kertaa</arg>
<doc>Verifies that current page contains ``text``.</doc>
<status status="PASS" start="2024-11-14T15:42:13.776507" elapsed="1.026262"/>
</kw>
<status status="PASS" start="2024-11-14T15:42:10.078310" elapsed="4.725022"/>
</test>
<kw name="Close Browser" owner="SeleniumLibrary" type="TEARDOWN">
<doc>Closes the current browser.</doc>
<status status="PASS" start="2024-11-14T15:42:14.804601" elapsed="0.560504"/>
</kw>
<status status="PASS" start="2024-11-14T15:42:07.615312" elapsed="7.750026"/>
</suite>
<suite id="s1-s2" name="Reset" source="/home/madlehti/webcounter/webcounter/src/tests/reset.robot">
<kw name="Open And Configure Browser" owner="resource" type="SETUP">
<if>
<branch type="IF" condition="$BROWSER == 'chrome'">
<kw name="Evaluate" owner="BuiltIn">
<msg time="2024-11-14T15:42:15.371194" level="INFO">${options} = &lt;selenium.webdriver.chrome.options.Options object at 0x7f8ffc1a5d50&gt;</msg>
<var>${options}</var>
<arg>sys.modules['selenium.webdriver'].ChromeOptions()</arg>
<arg>sys</arg>
<doc>Evaluates the given expression in Python and returns the result.</doc>
<status status="PASS" start="2024-11-14T15:42:15.370967" elapsed="0.000257"/>
</kw>
<status status="PASS" start="2024-11-14T15:42:15.370750" elapsed="0.000528"/>
</branch>
<branch type="ELSE IF" condition="$BROWSER == 'firefox'">
<kw name="Evaluate" owner="BuiltIn">
<var>${options}</var>
<arg>sys.modules['selenium.webdriver'].FirefoxOptions()</arg>
<arg>sys</arg>
<doc>Evaluates the given expression in Python and returns the result.</doc>
<status status="NOT RUN" start="2024-11-14T15:42:15.371415" elapsed="0.000022"/>
</kw>
<status status="NOT RUN" start="2024-11-14T15:42:15.371322" elapsed="0.000157"/>
</branch>
<status status="PASS" start="2024-11-14T15:42:15.370730" elapsed="0.000776"/>
</if>
<if>
<branch type="IF" condition="$HEADLESS == 'true'">
<kw name="Set Selenium Speed" owner="SeleniumLibrary">
<arg>0</arg>
<doc>Sets the delay that is waited after each Selenium command.</doc>
<status status="NOT RUN" start="2024-11-14T15:42:15.371697" elapsed="0.000023"/>
</kw>
<kw name="Call Method" owner="BuiltIn">
<arg>${options}</arg>
<arg>add_argument</arg>
<arg>--headless</arg>
<doc>Calls the named method of the given object with the provided arguments.</doc>
<status status="NOT RUN" start="2024-11-14T15:42:15.371803" elapsed="0.000022"/>
</kw>
<status status="NOT RUN" start="2024-11-14T15:42:15.371549" elapsed="0.000317"/>
</branch>
<branch type="ELSE">
<kw name="Set Selenium Speed" owner="SeleniumLibrary">
<arg>${DELAY}</arg>
<doc>Sets the delay that is waited after each Selenium command.</doc>
<status status="PASS" start="2024-11-14T15:42:15.371969" elapsed="0.000302"/>
</kw>
<status status="PASS" start="2024-11-14T15:42:15.371894" elapsed="0.000427"/>
</branch>
<status status="PASS" start="2024-11-14T15:42:15.371537" elapsed="0.000815"/>
</if>
<kw name="Open Browser" owner="SeleniumLibrary">
<msg time="2024-11-14T15:42:15.372677" level="INFO">Opening browser 'chrome' to base url 'None'.</msg>
<msg time="2024-11-14T15:42:15.414094" level="WARN">The chromedriver version (130.0.6723.91) detected in PATH at /usr/bin/chromedriver might not be compatible with the detected chrome version (131.0.6778.69); currently, chromedriver 131.0.6778.69 is recommended for chrome 131.*, so it is advised to delete the driver in PATH and retry</msg>
<arg>browser=${BROWSER}</arg>
<arg>options=${options}</arg>
<doc>Opens a new browser instance to the optional ``url``.</doc>
<status status="PASS" start="2024-11-14T15:42:15.372447" elapsed="0.323465"/>
</kw>
<status status="PASS" start="2024-11-14T15:42:15.370595" elapsed="0.325906"/>
</kw>
<test id="s1-s2-t1" name="When counter has a nonzero value and it is reset the value becomes zero" line="7">
<kw name="Go To" owner="SeleniumLibrary">
<msg time="2024-11-14T15:42:15.698605" level="INFO">Opening url 'http://localhost:5001'</msg>
<arg>${HOME_URL}</arg>
<doc>Navigates the current browser window to the provided ``url``.</doc>
<status status="PASS" start="2024-11-14T15:42:15.698196" elapsed="0.551436"/>
</kw>
<kw name="Click Button" owner="SeleniumLibrary">
<msg time="2024-11-14T15:42:16.250790" level="INFO">Clicking button 'Paina'.</msg>
<arg>Paina</arg>
<doc>Clicks the button identified by ``locator``.</doc>
<status status="PASS" start="2024-11-14T15:42:16.250277" elapsed="1.612576"/>
</kw>
<kw name="Click Button" owner="SeleniumLibrary">
<msg time="2024-11-14T15:42:17.864017" level="INFO">Clicking button 'Nollaa'.</msg>
<arg>Nollaa</arg>
<doc>Clicks the button identified by ``locator``.</doc>
<status status="PASS" start="2024-11-14T15:42:17.863537" elapsed="1.565632"/>
</kw>
<kw name="Page Should Contain" owner="SeleniumLibrary">
<msg time="2024-11-14T15:42:20.455839" level="INFO">Current page contains text 'nappia painettu 0 kertaa'.</msg>
<arg>nappia painettu 0 kertaa</arg>
<doc>Verifies that current page contains ``text``.</doc>
<status status="PASS" start="2024-11-14T15:42:19.429781" elapsed="1.026352"/>
</kw>
<status status="PASS" start="2024-11-14T15:42:15.696880" elapsed="4.759813"/>
</test>
<kw name="Close Browser" owner="SeleniumLibrary" type="TEARDOWN">
<doc>Closes the current browser.</doc>
<status status="PASS" start="2024-11-14T15:42:20.457684" elapsed="0.558681"/>
</kw>
<status status="PASS" start="2024-11-14T15:42:15.366832" elapsed="5.649740"/>
</suite>
<status status="PASS" start="2024-11-14T15:42:07.599704" elapsed="13.418451"/>
</suite>
<statistics>
<total>
<stat pass="3" fail="0" skip="0">All Tests</stat>
</total>
<tag>
</tag>
<suite>
<stat pass="3" fail="0" skip="0" id="s1" name="Tests">Tests</stat>
<stat pass="2" fail="0" skip="0" id="s1-s1" name="Increment">Tests.Increment</stat>
<stat pass="1" fail="0" skip="0" id="s1-s2" name="Reset">Tests.Reset</stat>
</suite>
</statistics>
<errors>
<msg time="2024-11-14T15:42:07.744638" level="WARN">The chromedriver version (130.0.6723.91) detected in PATH at /usr/bin/chromedriver might not be compatible with the detected chrome version (131.0.6778.69); currently, chromedriver 131.0.6778.69 is recommended for chrome 131.*, so it is advised to delete the driver in PATH and retry</msg>
<msg time="2024-11-14T15:42:15.414094" level="WARN">The chromedriver version (130.0.6723.91) detected in PATH at /usr/bin/chromedriver might not be compatible with the detected chrome version (131.0.6778.69); currently, chromedriver 131.0.6778.69 is recommended for chrome 131.*, so it is advised to delete the driver in PATH and retry</msg>
</errors>
</robot>
